29-11-2021 11:33:35: Выполнен вход: ip - 87.226.144.177; agent - Mozilla/5.0 (Windows NT 10.0; Win64; x64) AppleWebKit/537.36 (KHTML, like Gecko) Chrome/87.0.4280.88 Safari/537.36
29-11-2021 11:33:35: Загрузка схемы рабочего стола.
29-11-2021 11:33:36: Загрузка ярлыков приложений рабочего стола.
29-11-2021 11:33:36: <i>Фреймворк TimeTerra загружен и готов к работе!</i>
29-11-2021 11:33:38: Оболочка для приложения <b>Менеджер приложений</b> успешно построена!
29-11-2021 11:33:56: Приложение <b>Менеджер приложений</b> было остановлено!
29-11-2021 11:42:35: Выход на всех устройствах.
29-11-2021 15:40:34: Выполнен вход: ip - 87.226.144.177; agent - Mozilla/5.0 (Windows NT 10.0; Win64; x64) AppleWebKit/537.36 (KHTML, like Gecko) Chrome/87.0.4280.88 Safari/537.36
29-11-2021 15:40:34: Загрузка схемы рабочего стола.
29-11-2021 15:40:34: Загрузка ярлыков приложений рабочего стола.
29-11-2021 15:40:34: <i>Фреймворк TimeTerra загружен и готов к работе!</i>
29-11-2021 15:40:36: Оболочка для приложения <b>Менеджер приложений</b> успешно построена!
29-11-2021 15:40:50: Оболочка для приложения <b>Tempate application</b> успешно построена!
29-11-2021 15:40:51: Оболочка для приложения <b>WorkSpace Tempate application</b> успешно построена!
29-11-2021 15:40:58: Приложение <b>WorkSpace Tempate application</b> было остановлено!
29-11-2021 15:40:59: Приложение <b>Tempate application</b> было остановлено!
29-11-2021 15:41:00: Приложение <b>Менеджер приложений</b> было остановлено!
29-11-2021 15:44:47: Выход на всех устройствах.
29-11-2021 16:44:27: Выполнен вход: ip - 213.87.162.3; agent - Mozilla/5.0 (Linux; Android 10; Nokia 7.2) AppleWebKit/537.36 (KHTML, like Gecko) Chrome/92.0.4515.166 Mobile Safari/537.36 OPR/65.1.3381.61266
29-11-2021 16:44:28: Загрузка схемы рабочего стола.
29-11-2021 16:44:28: Загрузка ярлыков приложений рабочего стола.
29-11-2021 16:44:28: <i>Фреймворк TimeTerra загружен и готов к работе!</i>
29-11-2021 16:44:33: Оболочка для приложения <b>Менеджер приложений</b> успешно построена!
29-11-2021 16:44:37: Приложение <b>Менеджер приложений</b> было остановлено!
29-11-2021 16:44:38: Оболочка для приложения <b>Менеджер приложений</b> успешно построена!
29-11-2021 16:44:42: Оболочка для приложения <b>Tempate application</b> успешно построена!
29-11-2021 16:44:46: Приложение <b>Менеджер приложений</b> было остановлено!
29-11-2021 16:44:48: Приложение <b>Tempate application</b> было остановлено!
29-11-2021 16:44:49: Оболочка для приложения <b>Exit</b> успешно построена!
29-11-2021 16:44:50: Выход на всех устройствах.
